0 info it worked if it ends with ok
1 verbose cli [ 'C:\\Program Files\\nodejs\\node.exe',
1 verbose cli   'C:\\Program Files\\nodejs\\node_modules\\npm\\bin\\npm-cli.js',
1 verbose cli   'run',
1 verbose cli   'develop' ]
2 info using npm@3.10.10
3 info using node@v6.11.4
4 verbose run-script [ 'predevelop', 'develop', 'postdevelop' ]
5 info lifecycle unit-converter@~predevelop: unit-converter@
6 silly lifecycle unit-converter@~predevelop: no script for predevelop, continuing
7 info lifecycle unit-converter@~develop: unit-converter@
8 verbose lifecycle unit-converter@~develop: unsafe-perm in lifecycle true
9 verbose lifecycle unit-converter@~develop: PATH: C:\Program Files\nodejs\node_modules\npm\bin\node-gyp-bin;D:\StickyNotes\unit-converter\node_modules\.bin;C:\ProgramData\Oracle\Java\javapath;C:\Windows\system32;C:\Windows;C:\Windows\System32\Wbem;C:\Windows\System32\WindowsPowerShell\v1.0\;C:\Program Files\nodejs\;C:\Program Files\Git\cmd;C:\Users\mansoor\AppData\Roaming\npm;C:\Program Files\Microsoft VS Code\bin;C:\Program Files\Heroku\bin
10 verbose lifecycle unit-converter@~develop: CWD: D:\StickyNotes\unit-converter
11 silly lifecycle unit-converter@~develop: Args: [ '/d /s /c', 'npm run lint && npm run build && npm run serve' ]
12 silly lifecycle unit-converter@~develop: Returned: code: 3221225786  signal: null
13 info lifecycle unit-converter@~develop: Failed to exec develop script
14 verbose stack Error: unit-converter@ develop: `npm run lint && npm run build && npm run serve`
14 verbose stack Exit status 3221225786
14 verbose stack     at EventEmitter.<anonymous> (C:\Program Files\nodejs\node_modules\npm\lib\utils\lifecycle.js:255:16)
14 verbose stack     at emitTwo (events.js:106:13)
14 verbose stack     at EventEmitter.emit (events.js:191:7)
14 verbose stack     at ChildProcess.<anonymous> (C:\Program Files\nodejs\node_modules\npm\lib\utils\spawn.js:40:14)
14 verbose stack     at emitTwo (events.js:106:13)
14 verbose stack     at ChildProcess.emit (events.js:191:7)
14 verbose stack     at maybeClose (internal/child_process.js:920:16)
14 verbose stack     at Process.ChildProcess._handle.onexit (internal/child_process.js:230:5)
15 verbose pkgid unit-converter@
16 verbose cwd D:\StickyNotes\unit-converter
17 error Windows_NT 10.0.10586
18 error argv "C:\\Program Files\\nodejs\\node.exe" "C:\\Program Files\\nodejs\\node_modules\\npm\\bin\\npm-cli.js" "run" "develop"
19 error node v6.11.4
20 error npm  v3.10.10
21 error code ELIFECYCLE
22 error unit-converter@ develop: `npm run lint && npm run build && npm run serve`
22 error Exit status 3221225786
23 error Failed at the unit-converter@ develop script 'npm run lint && npm run build && npm run serve'.
23 error Make sure you have the latest version of node.js and npm installed.
23 error If you do, this is most likely a problem with the unit-converter package,
23 error not with npm itself.
23 error Tell the author that this fails on your system:
23 error     npm run lint && npm run build && npm run serve
23 error You can get information on how to open an issue for this project with:
23 error     npm bugs unit-converter
23 error Or if that isn't available, you can get their info via:
23 error     npm owner ls unit-converter
23 error There is likely additional logging output above.
24 verbose exit [ 1, true ]
